<?xml version="1.0" encoding="UTF-8" ?>
<testsuite errors="0" failures="2" hostname="SAG-610TXF2" name="AirlineDemoTests.TS_wmTestSuite_xml" skipped="0" tests="13" time="0.305" timestamp="2019-07-16T09:46:51">
  <properties>
[...]
</properties>
  <testcase classname="com.wm.ps.test.WmTestCase" name="0.0  TC_newReservationData_Positive" time="0.054" />
  <testcase classname="com.wm.ps.test.WmTestCase" name="0.1  TC_newReservationData_Negative" time="0.007" />
  <testcase classname="com.wm.ps.test.WmTestCase" name="0.2  TC_cancelReservation_Positive" time="0.013" />
  <testcase classname="com.wm.ps.test.WmTestCase" name="0.3  TC_mapSourceData_Positive" time="0.006" />
  <testcase classname="com.wm.ps.test.WmTestCase" name="0.4  TC_reservationData_Positive" time="0.01" />
  <testcase classname="com.wm.ps.test.WmTestCase" name="0.5  TC_additionalServiceData_Positive" time="0.015">
    <failure message="Additional Services/ON_BOARD_ENT :Expected and actual objects don&apos;t match.: expected &lt;AVAILABLE&gt; but was &lt;AVAILABL&gt;" type="junit.framework.AssertionFailedError">junit.framework.AssertionFailedError: Additional Services/ON_BOARD_ENT :Expected and actual objects don&apos;t match.: expected &lt;AVAILABLE&gt; but was &lt;AVAILABL&gt;
	at com.wm.ps.test.WmAssert.assertIDataEquals(WmAssert.java:205)
	at com.wm.ps.test.WmAssert.assertIDataEquals(WmAssert.java:134)
	at com.wm.ps.test.WmAssert.assertEquals(WmAssert.java:75)
	at com.wm.ps.test.DefaultResultsValidator.assertValid(DefaultResultsValidator.java:168)
	at com.wm.ps.test.WmTestCase.runInvoke(WmTestCase.java:1242)
	at com.wm.ps.test.WmTestCase.runTest(WmTestCase.java:1152)
	at com.softwareag.utf.runner.UTFSuiteCompositeRunner.runChild(UTFSuiteCompositeRunner.java:570)
	at com.softwareag.utf.runner.UTFSuiteCompositeRunner.runChild(UTFSuiteCompositeRunner.java:65)
</failure>
  </testcase>
  <testcase classname="com.wm.ps.test.WmTestCase" name="0.6  TC_inventoryData_Positive" time="0.01" />
  <testcase classname="com.wm.ps.test.WmTestCase" name="0.7  TC_TotalTxnByEOD_Positive" time="0.019" />
  <testcase classname="com.wm.ps.test.WmTestCase" name="0.8  TC_mapSourceData_Negative" time="0.016" />
  <testcase classname="com.wm.ps.test.WmTestCase" name="0.9  TC_reservationData_Negative" time="0.014" />
  <testcase classname="com.wm.ps.test.WmTestCase" name="0.10  TC_additionalServiceData_Negative" time="0.011">
    <failure message="Additional Services/ON_BOARD_ENT :Expected and actual objects don&apos;t match.: expected &lt;AVAILABLE&gt; but was &lt;AVAILABL&gt;" type="junit.framework.AssertionFailedError">junit.framework.AssertionFailedError: Additional Services/ON_BOARD_ENT :Expected and actual objects don&apos;t match.: expected &lt;AVAILABLE&gt; but was &lt;AVAILABL&gt;
	at com.wm.ps.test.WmAssert.assertIDataEquals(WmAssert.java:205)
	at com.wm.ps.test.WmAssert.assertIDataEquals(WmAssert.java:134)
	at com.wm.ps.test.WmAssert.assertEquals(WmAssert.java:75)
	at com.wm.ps.test.DefaultResultsValidator.assertValid(DefaultResultsValidator.java:168)
	at com.wm.ps.test.WmTestCase.runInvoke(WmTestCase.java:1242)
	at com.wm.ps.test.WmTestCase.runTest(WmTestCase.java:1152)
	at com.softwareag.utf.runner.UTFSuiteCompositeRunner.runChild(UTFSuiteCompositeRunner.java:570)
	at com.softwareag.utf.runner.UTFSuiteCompositeRunner.runChild(UTFSuiteCompositeRunner.java:65)
</failure>
  </testcase>
  <testcase classname="com.wm.ps.test.WmTestCase" name="0.11  TC_inventoryData_Negative" time="0.016" />
  <testcase classname="com.wm.ps.test.WmTestCase" name="0.12  TC_TotalTxnByEOD_Negative" time="0.012" />
</testsuite>
